<?xml version="1.0" encoding="UTF-8"?>
<!-- Generated by org.testng.reporters.JUnitReportReporter -->
<testsuite hostname="CHNITCPU111" failures="0" tests="1" name="Week.Azure" time="49.630" errors="0" timestamp="11 May 2020 15:50:00 GMT" skipped="0">
  <testcase classname="Week.Azure" name="evaluationTWOTc" time="49.630"/>
</testsuite> <!-- Week.Azure -->
