<?xml version="1.0" encoding="UTF-8"?>
<!-- Generated by org.testng.reporters.JUnitReportReporter -->
<testsuite hostname="CHNITCPU111" failures="0" tests="1" name="Week1.HpLapDay4" time="93.358" errors="0" timestamp="24 Apr 2020 18:27:04 GMT" skipped="0">
  <testcase classname="Week1.HpLapDay4" name="homePage" time="93.358"/>
</testsuite> <!-- Week1.HpLapDay4 -->
