<?xml version="1.0" encoding="UTF-8"?>
<!-- Generated by org.testng.reporters.JUnitReportReporter -->
<testsuite hostname="CHNITCPU111" failures="0" tests="1" name="Week1.MakeTripDay3" time="14.787" errors="0" timestamp="20 Apr 2020 10:03:29 GMT" skipped="0">
  <testcase classname="Week1.MakeTripDay3" name="homePage" time="14.787"/>
</testsuite> <!-- Week1.MakeTripDay3 -->
