<?xml version="1.0" encoding="UTF-8"?>
<!-- Generated by org.testng.reporters.JUnitReportReporter -->
<testsuite hostname="CHNITCPU111" failures="0" tests="1" name="Week1.Azure" time="47.723" errors="0" timestamp="11 May 2020 14:17:39 GMT" skipped="0">
  <testcase classname="Week1.Azure" name="evaluationTWOTc" time="47.723"/>
</testsuite> <!-- Week1.Azure -->
